Started GET "/questions/index" for ::1 at 2017-03-02 13:40:32 -0500
  [1m[36mActiveRecord::SchemaMigration Load (24.4ms)[0m  [1m[34mSELECT "schema_migrations".* FROM "schema_migrations"[0m
Processing by QuestionsController#index as HTML
Completed 200 OK in 579ms (Views: 103.9ms | ActiveRecord: 0.0ms)


Started GET "/questions/index" for ::1 at 2017-03-02 13:40:38 -0500
Processing by QuestionsController#index as HTML
Completed 200 OK in 710ms (Views: 94.2ms | ActiveRecord: 0.0ms)


Started GET "/questions/index" for ::1 at 2017-03-02 13:40:49 -0500
Processing by QuestionsController#index as HTML
Completed 200 OK in 289ms (Views: 93.2ms | ActiveRecord: 0.0ms)


Started GET "/" for ::1 at 2017-03-02 13:43:23 -0500
  [1m[36mActiveRecord::SchemaMigration Load (0.2ms)[0m  [1m[34mSELECT "schema_migrations".* FROM "schema_migrations"[0m
Processing by HomeController#index as HTML
  Rendering home/index.html.erb within layouts/application
  Rendered home/index.html.erb within layouts/application (1.2ms)
Completed 200 OK in 990ms (Views: 985.1ms | ActiveRecord: 0.0ms)


Started GET "/questions/index" for ::1 at 2017-03-02 13:44:44 -0500
Processing by QuestionsController#index as HTML
Completed 200 OK in 354ms (Views: 139.1ms | ActiveRecord: 0.0ms)


Started GET "/questions/index" for ::1 at 2017-03-02 13:46:05 -0500
Processing by QuestionsController#index as HTML
Completed 200 OK in 283ms (Views: 89.6ms | ActiveRecord: 0.0ms)


Started GET "/questions/index" for ::1 at 2017-03-02 13:46:08 -0500
Processing by QuestionsController#index as HTML
Completed 200 OK in 430ms (Views: 160.6ms | ActiveRecord: 0.0ms)


Started GET "/" for ::1 at 2017-03-02 14:56:25 -0500
Processing by HomeController#index as HTML
  Rendering home/index.html.erb within layouts/application
  Rendered home/index.html.erb within layouts/application (0.4ms)
Completed 200 OK in 30ms (Views: 27.8ms | ActiveRecord: 0.0ms)


Started GET "/questions/index" for ::1 at 2017-03-02 15:12:12 -0500
  [1m[36mActiveRecord::SchemaMigration Load (0.3ms)[0m  [1m[34mSELECT "schema_migrations".* FROM "schema_migrations"[0m
  
ActiveRecord::PendingMigrationError (

Migrations are pending. To resolve this issue, run:

        bin/rails db:migrate RAILS_ENV=development

):
  
activerecord (5.0.1) lib/active_record/migration.rb:573:in `check_pending!'
activerecord (5.0.1) lib/active_record/migration.rb:549:in `call'
actionpack (5.0.1) lib/action_dispatch/middleware/callbacks.rb:38:in `block in call'
activesupport (5.0.1) lib/active_support/callbacks.rb:97:in `__run_callbacks__'
activesupport (5.0.1) lib/active_support/callbacks.rb:750:in `_run_call_callbacks'
activesupport (5.0.1) lib/active_support/callbacks.rb:90:in `run_callbacks'
actionpack (5.0.1) lib/action_dispatch/middleware/callbacks.rb:36:in `call'
actionpack (5.0.1) lib/action_dispatch/middleware/executor.rb:12:in `call'
actionpack (5.0.1) lib/action_dispatch/middleware/remote_ip.rb:79:in `call'
actionpack (5.0.1) lib/action_dispatch/middleware/debug_exceptions.rb:49:in `call'
web-console (3.4.0) lib/web_console/middleware.rb:135:in `call_app'
web-console (3.4.0) lib/web_console/middleware.rb:28:in `block in call'
web-console (3.4.0) lib/web_console/middleware.rb:18:in `catch'
web-console (3.4.0) lib/web_console/middleware.rb:18:in `call'
actionpack (5.0.1) lib/action_dispatch/middleware/show_exceptions.rb:31:in `call'
railties (5.0.1) lib/rails/rack/logger.rb:36:in `call_app'
railties (5.0.1) lib/rails/rack/logger.rb:24:in `block in call'
activesupport (5.0.1) lib/active_support/tagged_logging.rb:69:in `block in tagged'
activesupport (5.0.1) lib/active_support/tagged_logging.rb:26:in `tagged'
activesupport (5.0.1) lib/active_support/tagged_logging.rb:69:in `tagged'
railties (5.0.1) lib/rails/rack/logger.rb:24:in `call'
sprockets-rails (3.2.0) lib/sprockets/rails/quiet_assets.rb:13:in `call'
actionpack (5.0.1) lib/action_dispatch/middleware/request_id.rb:24:in `call'
rack (2.0.1) lib/rack/method_override.rb:22:in `call'
rack (2.0.1) lib/rack/runtime.rb:22:in `call'
activesupport (5.0.1) lib/active_support/cache/strategy/local_cache_middleware.rb:28:in `call'
actionpack (5.0.1) lib/action_dispatch/middleware/executor.rb:12:in `call'
actionpack (5.0.1) lib/action_dispatch/middleware/static.rb:136:in `call'
rack (2.0.1) lib/rack/sendfile.rb:111:in `call'
railties (5.0.1) lib/rails/engine.rb:522:in `call'
puma (3.7.1) lib/puma/configuration.rb:232:in `call'
puma (3.7.1) lib/puma/server.rb:578:in `handle_request'
puma (3.7.1) lib/puma/server.rb:415:in `process_client'
puma (3.7.1) lib/puma/server.rb:275:in `block in run'
puma (3.7.1) lib/puma/thread_pool.rb:120:in `block in spawn_thread'
  Rendering /Users/DougEisner/.rbenv/versions/2.3.1/lib/ruby/gems/2.3.0/gems/actionpack-5.0.1/lib/action_dispatch/middleware/templates/rescues/diagnostics.html.erb within rescues/layout
  Rendering /Users/DougEisner/.rbenv/versions/2.3.1/lib/ruby/gems/2.3.0/gems/actionpack-5.0.1/lib/action_dispatch/middleware/templates/rescues/_source.html.erb
  Rendered /Users/DougEisner/.rbenv/versions/2.3.1/lib/ruby/gems/2.3.0/gems/actionpack-5.0.1/lib/action_dispatch/middleware/templates/rescues/_source.html.erb (1.6ms)
  Rendering /Users/DougEisner/.rbenv/versions/2.3.1/lib/ruby/gems/2.3.0/gems/actionpack-5.0.1/lib/action_dispatch/middleware/templates/rescues/_trace.html.erb
  Rendered /Users/DougEisner/.rbenv/versions/2.3.1/lib/ruby/gems/2.3.0/gems/actionpack-5.0.1/lib/action_dispatch/middleware/templates/rescues/_trace.html.erb (1.9ms)
  Rendering /Users/DougEisner/.rbenv/versions/2.3.1/lib/ruby/gems/2.3.0/gems/actionpack-5.0.1/lib/action_dispatch/middleware/templates/rescues/_request_and_response.html.erb
  Rendered /Users/DougEisner/.rbenv/versions/2.3.1/lib/ruby/gems/2.3.0/gems/actionpack-5.0.1/lib/action_dispatch/middleware/templates/rescues/_request_and_response.html.erb (0.5ms)
  Rendered /Users/DougEisner/.rbenv/versions/2.3.1/lib/ruby/gems/2.3.0/gems/actionpack-5.0.1/lib/action_dispatch/middleware/templates/rescues/diagnostics.html.erb within rescues/layout (63.1ms)
Started GET "/" for ::1 at 2017-03-02 15:12:14 -0500
  [1m[36mActiveRecord::SchemaMigration Load (0.1ms)[0m  [1m[34mSELECT "schema_migrations".* FROM "schema_migrations"[0m
  
ActiveRecord::PendingMigrationError (

Migrations are pending. To resolve this issue, run:

        bin/rails db:migrate RAILS_ENV=development

):
  
activerecord (5.0.1) lib/active_record/migration.rb:573:in `check_pending!'
activerecord (5.0.1) lib/active_record/migration.rb:549:in `call'
actionpack (5.0.1) lib/action_dispatch/middleware/callbacks.rb:38:in `block in call'
activesupport (5.0.1) lib/active_support/callbacks.rb:97:in `__run_callbacks__'
activesupport (5.0.1) lib/active_support/callbacks.rb:750:in `_run_call_callbacks'
activesupport (5.0.1) lib/active_support/callbacks.rb:90:in `run_callbacks'
actionpack (5.0.1) lib/action_dispatch/middleware/callbacks.rb:36:in `call'
actionpack (5.0.1) lib/action_dispatch/middleware/executor.rb:12:in `call'
actionpack (5.0.1) lib/action_dispatch/middleware/remote_ip.rb:79:in `call'
actionpack (5.0.1) lib/action_dispatch/middleware/debug_exceptions.rb:49:in `call'
web-console (3.4.0) lib/web_console/middleware.rb:135:in `call_app'
web-console (3.4.0) lib/web_console/middleware.rb:28:in `block in call'
web-console (3.4.0) lib/web_console/middleware.rb:18:in `catch'
web-console (3.4.0) lib/web_console/middleware.rb:18:in `call'
actionpack (5.0.1) lib/action_dispatch/middleware/show_exceptions.rb:31:in `call'
railties (5.0.1) lib/rails/rack/logger.rb:36:in `call_app'
railties (5.0.1) lib/rails/rack/logger.rb:24:in `block in call'
activesupport (5.0.1) lib/active_support/tagged_logging.rb:69:in `block in tagged'
activesupport (5.0.1) lib/active_support/tagged_logging.rb:26:in `tagged'
activesupport (5.0.1) lib/active_support/tagged_logging.rb:69:in `tagged'
railties (5.0.1) lib/rails/rack/logger.rb:24:in `call'
sprockets-rails (3.2.0) lib/sprockets/rails/quiet_assets.rb:13:in `call'
actionpack (5.0.1) lib/action_dispatch/middleware/request_id.rb:24:in `call'
rack (2.0.1) lib/rack/method_override.rb:22:in `call'
rack (2.0.1) lib/rack/runtime.rb:22:in `call'
activesupport (5.0.1) lib/active_support/cache/strategy/local_cache_middleware.rb:28:in `call'
actionpack (5.0.1) lib/action_dispatch/middleware/executor.rb:12:in `call'
actionpack (5.0.1) lib/action_dispatch/middleware/static.rb:136:in `call'
rack (2.0.1) lib/rack/sendfile.rb:111:in `call'
railties (5.0.1) lib/rails/engine.rb:522:in `call'
puma (3.7.1) lib/puma/configuration.rb:232:in `call'
puma (3.7.1) lib/puma/server.rb:578:in `handle_request'
puma (3.7.1) lib/puma/server.rb:415:in `process_client'
puma (3.7.1) lib/puma/server.rb:275:in `block in run'
puma (3.7.1) lib/puma/thread_pool.rb:120:in `block in spawn_thread'
  Rendering /Users/DougEisner/.rbenv/versions/2.3.1/lib/ruby/gems/2.3.0/gems/actionpack-5.0.1/lib/action_dispatch/middleware/templates/rescues/diagnostics.html.erb within rescues/layout
  Rendering /Users/DougEisner/.rbenv/versions/2.3.1/lib/ruby/gems/2.3.0/gems/actionpack-5.0.1/lib/action_dispatch/middleware/templates/rescues/_source.html.erb
  Rendered /Users/DougEisner/.rbenv/versions/2.3.1/lib/ruby/gems/2.3.0/gems/actionpack-5.0.1/lib/action_dispatch/middleware/templates/rescues/_source.html.erb (1.6ms)
  Rendering /Users/DougEisner/.rbenv/versions/2.3.1/lib/ruby/gems/2.3.0/gems/actionpack-5.0.1/lib/action_dispatch/middleware/templates/rescues/_trace.html.erb
  Rendered /Users/DougEisner/.rbenv/versions/2.3.1/lib/ruby/gems/2.3.0/gems/actionpack-5.0.1/lib/action_dispatch/middleware/templates/rescues/_trace.html.erb (1.1ms)
  Rendering /Users/DougEisner/.rbenv/versions/2.3.1/lib/ruby/gems/2.3.0/gems/actionpack-5.0.1/lib/action_dispatch/middleware/templates/rescues/_request_and_response.html.erb
  Rendered /Users/DougEisner/.rbenv/versions/2.3.1/lib/ruby/gems/2.3.0/gems/actionpack-5.0.1/lib/action_dispatch/middleware/templates/rescues/_request_and_response.html.erb (0.6ms)
  Rendered /Users/DougEisner/.rbenv/versions/2.3.1/lib/ruby/gems/2.3.0/gems/actionpack-5.0.1/lib/action_dispatch/middleware/templates/rescues/diagnostics.html.erb within rescues/layout (51.3ms)
  [1m[35m (13.2ms)[0m  [1m[34mSELECT pg_try_advisory_lock(97694657110845270);[0m
  [1m[36mActiveRecord::SchemaMigration Load (0.3ms)[0m  [1m[34mSELECT "schema_migrations".* FROM "schema_migrations"[0m
Migrating to CreateScores (2)
  [1m[35m (0.1ms)[0m  [1m[35mBEGIN[0m
  [1m[35m (41.0ms)[0m  [1m[35mCREATE TABLE "scores" ("id" serial primary key, "user_id" integer, "game_score" integer, "created_at" timestamp NOT NULL, "updated_at" timestamp NOT NULL, CONSTRAINT "fk_rails_f5dcd5d06f"
FOREIGN KEY ("user_id")
  REFERENCES "users" ("id")
)[0m
  [1m[35m (0.7ms)[0m  [1m[35mCREATE  INDEX  "index_scores_on_user_id" ON "scores"  ("user_id")[0m
  [1m[35mSQL (1.7ms)[0m  [1m[32mINSERT INTO "schema_migrations" ("version") VALUES ($1) RETURNING "version"[0m  [["version", "2"]]
  [1m[35m (11.6ms)[0m  [1m[35mCOMMIT[0m
  [1m[36mActiveRecord::InternalMetadata Load (2.0ms)[0m  [1m[34mSELECT  "ar_internal_metadata".* FROM "ar_internal_metadata" WHERE "ar_internal_metadata"."key" = $1 LIMIT $2[0m  [["key", :environment], ["LIMIT", 1]]
  [1m[35m (0.2ms)[0m  [1m[35mBEGIN[0m
  [1m[35m (0.1ms)[0m  [1m[35mCOMMIT[0m
  [1m[35m (0.2ms)[0m  [1m[34mSELECT pg_advisory_unlock(97694657110845270)[0m
  [1m[36mActiveRecord::SchemaMigration Load (0.1ms)[0m  [1m[34mSELECT "schema_migrations".* FROM "schema_migrations"[0m
Started GET "/" for ::1 at 2017-03-02 15:12:57 -0500
  [1m[36mActiveRecord::SchemaMigration Load (0.4ms)[0m  [1m[34mSELECT "schema_migrations".* FROM "schema_migrations"[0m
Processing by HomeController#index as HTML
  Rendering home/index.html.erb within layouts/application
  Rendered home/index.html.erb within layouts/application (1.0ms)
Completed 200 OK in 848ms (Views: 844.6ms | ActiveRecord: 0.0ms)


Started GET "/" for ::1 at 2017-03-02 15:12:21 -0500
  [1m[36mActiveRecord::SchemaMigration Load (0.3ms)[0m  [1m[34mSELECT "schema_migrations".* FROM "schema_migrations"[0m
Processing by HomeController#index as HTML
  Rendering home/index.html.erb within layouts/application
  Rendered home/index.html.erb within layouts/application (1.0ms)
Completed 200 OK in 903ms (Views: 899.7ms | ActiveRecord: 0.0ms)


Started GET "/auth" for ::1 at 2017-03-02 15:20:25 -0500
  
ActionController::RoutingError (No route matches [GET] "/auth"):
  
actionpack (5.0.1) lib/action_dispatch/middleware/debug_exceptions.rb:53:in `call'
web-console (3.4.0) lib/web_console/middleware.rb:135:in `call_app'
web-console (3.4.0) lib/web_console/middleware.rb:28:in `block in call'
web-console (3.4.0) lib/web_console/middleware.rb:18:in `catch'
web-console (3.4.0) lib/web_console/middleware.rb:18:in `call'
actionpack (5.0.1) lib/action_dispatch/middleware/show_exceptions.rb:31:in `call'
railties (5.0.1) lib/rails/rack/logger.rb:36:in `call_app'
railties (5.0.1) lib/rails/rack/logger.rb:24:in `block in call'
activesupport (5.0.1) lib/active_support/tagged_logging.rb:69:in `block in tagged'
activesupport (5.0.1) lib/active_support/tagged_logging.rb:26:in `tagged'
activesupport (5.0.1) lib/active_support/tagged_logging.rb:69:in `tagged'
railties (5.0.1) lib/rails/rack/logger.rb:24:in `call'
sprockets-rails (3.2.0) lib/sprockets/rails/quiet_assets.rb:13:in `call'
actionpack (5.0.1) lib/action_dispatch/middleware/request_id.rb:24:in `call'
rack (2.0.1) lib/rack/method_override.rb:22:in `call'
rack (2.0.1) lib/rack/runtime.rb:22:in `call'
activesupport (5.0.1) lib/active_support/cache/strategy/local_cache_middleware.rb:28:in `call'
actionpack (5.0.1) lib/action_dispatch/middleware/executor.rb:12:in `call'
actionpack (5.0.1) lib/action_dispatch/middleware/static.rb:136:in `call'
rack (2.0.1) lib/rack/sendfile.rb:111:in `call'
railties (5.0.1) lib/rails/engine.rb:522:in `call'
puma (3.7.1) lib/puma/configuration.rb:232:in `call'
puma (3.7.1) lib/puma/server.rb:578:in `handle_request'
puma (3.7.1) lib/puma/server.rb:415:in `process_client'
puma (3.7.1) lib/puma/server.rb:275:in `block in run'
puma (3.7.1) lib/puma/thread_pool.rb:120:in `block in spawn_thread'
  Rendering /Users/Joe/.rbenv/versions/2.3.1/lib/ruby/gems/2.3.0/gems/actionpack-5.0.1/lib/action_dispatch/middleware/templates/rescues/routing_error.html.erb within rescues/layout
  Rendering /Users/Joe/.rbenv/versions/2.3.1/lib/ruby/gems/2.3.0/gems/actionpack-5.0.1/lib/action_dispatch/middleware/templates/rescues/_trace.html.erb
  Rendered /Users/Joe/.rbenv/versions/2.3.1/lib/ruby/gems/2.3.0/gems/actionpack-5.0.1/lib/action_dispatch/middleware/templates/rescues/_trace.html.erb (2.3ms)
  Rendered collection of /Users/Joe/.rbenv/versions/2.3.1/lib/ruby/gems/2.3.0/gems/actionpack-5.0.1/lib/action_dispatch/middleware/templates/routes/_route.html.erb [20 times] (4.6ms)
  Rendered /Users/Joe/.rbenv/versions/2.3.1/lib/ruby/gems/2.3.0/gems/actionpack-5.0.1/lib/action_dispatch/middleware/templates/routes/_table.html.erb (16.3ms)
  Rendering /Users/Joe/.rbenv/versions/2.3.1/lib/ruby/gems/2.3.0/gems/actionpack-5.0.1/lib/action_dispatch/middleware/templates/rescues/_request_and_response.html.erb
  Rendered /Users/Joe/.rbenv/versions/2.3.1/lib/ruby/gems/2.3.0/gems/actionpack-5.0.1/lib/action_dispatch/middleware/templates/rescues/_request_and_response.html.erb (0.9ms)
  Rendered /Users/Joe/.rbenv/versions/2.3.1/lib/ruby/gems/2.3.0/gems/actionpack-5.0.1/lib/action_dispatch/middleware/templates/rescues/routing_error.html.erb within rescues/layout (86.4ms)
Started GET "/auth" for ::1 at 2017-03-02 15:21:56 -0500
  
ActionController::RoutingError (No route matches [GET] "/auth"):
  
actionpack (5.0.1) lib/action_dispatch/middleware/debug_exceptions.rb:53:in `call'
web-console (3.4.0) lib/web_console/middleware.rb:135:in `call_app'
web-console (3.4.0) lib/web_console/middleware.rb:28:in `block in call'
web-console (3.4.0) lib/web_console/middleware.rb:18:in `catch'
web-console (3.4.0) lib/web_console/middleware.rb:18:in `call'
actionpack (5.0.1) lib/action_dispatch/middleware/show_exceptions.rb:31:in `call'
railties (5.0.1) lib/rails/rack/logger.rb:36:in `call_app'
railties (5.0.1) lib/rails/rack/logger.rb:24:in `block in call'
activesupport (5.0.1) lib/active_support/tagged_logging.rb:69:in `block in tagged'
activesupport (5.0.1) lib/active_support/tagged_logging.rb:26:in `tagged'
activesupport (5.0.1) lib/active_support/tagged_logging.rb:69:in `tagged'
railties (5.0.1) lib/rails/rack/logger.rb:24:in `call'
sprockets-rails (3.2.0) lib/sprockets/rails/quiet_assets.rb:13:in `call'
actionpack (5.0.1) lib/action_dispatch/middleware/request_id.rb:24:in `call'
rack (2.0.1) lib/rack/method_override.rb:22:in `call'
rack (2.0.1) lib/rack/runtime.rb:22:in `call'
activesupport (5.0.1) lib/active_support/cache/strategy/local_cache_middleware.rb:28:in `call'
actionpack (5.0.1) lib/action_dispatch/middleware/executor.rb:12:in `call'
actionpack (5.0.1) lib/action_dispatch/middleware/static.rb:136:in `call'
rack (2.0.1) lib/rack/sendfile.rb:111:in `call'
railties (5.0.1) lib/rails/engine.rb:522:in `call'
puma (3.7.1) lib/puma/configuration.rb:232:in `call'
puma (3.7.1) lib/puma/server.rb:578:in `handle_request'
puma (3.7.1) lib/puma/server.rb:415:in `process_client'
puma (3.7.1) lib/puma/server.rb:275:in `block in run'
puma (3.7.1) lib/puma/thread_pool.rb:120:in `block in spawn_thread'
  Rendering /Users/Joe/.rbenv/versions/2.3.1/lib/ruby/gems/2.3.0/gems/actionpack-5.0.1/lib/action_dispatch/middleware/templates/rescues/routing_error.html.erb within rescues/layout
  Rendering /Users/Joe/.rbenv/versions/2.3.1/lib/ruby/gems/2.3.0/gems/actionpack-5.0.1/lib/action_dispatch/middleware/templates/rescues/_trace.html.erb
  Rendered /Users/Joe/.rbenv/versions/2.3.1/lib/ruby/gems/2.3.0/gems/actionpack-5.0.1/lib/action_dispatch/middleware/templates/rescues/_trace.html.erb (0.8ms)
  Rendered collection of /Users/Joe/.rbenv/versions/2.3.1/lib/ruby/gems/2.3.0/gems/actionpack-5.0.1/lib/action_dispatch/middleware/templates/routes/_route.html.erb [20 times] (3.6ms)
  Rendered /Users/Joe/.rbenv/versions/2.3.1/lib/ruby/gems/2.3.0/gems/actionpack-5.0.1/lib/action_dispatch/middleware/templates/routes/_table.html.erb (0.7ms)
  Rendering /Users/Joe/.rbenv/versions/2.3.1/lib/ruby/gems/2.3.0/gems/actionpack-5.0.1/lib/action_dispatch/middleware/templates/rescues/_request_and_response.html.erb
  Rendered /Users/Joe/.rbenv/versions/2.3.1/lib/ruby/gems/2.3.0/gems/actionpack-5.0.1/lib/action_dispatch/middleware/templates/rescues/_request_and_response.html.erb (0.7ms)
  Rendered /Users/Joe/.rbenv/versions/2.3.1/lib/ruby/gems/2.3.0/gems/actionpack-5.0.1/lib/action_dispatch/middleware/templates/rescues/routing_error.html.erb within rescues/layout (62.8ms)
Started POST "/auth" for ::1 at 2017-03-02 15:23:39 -0500
Processing by DeviseTokenAuth::RegistrationsController#create as */*
  Parameters: {"nickname"=>"sueBell", "email"=>"sue@email.com", "password"=>"[FILTERED]", "password_confirmation"=>"[FILTERED]", "image"=>"someurl"}
  [1m[35m (0.2ms)[0m  [1m[35mBEGIN[0m
  [1m[35m (0.9ms)[0m  [1m[34mSELECT COUNT(*) FROM "users" WHERE "users"."provider" = $1 AND "users"."email" = $2[0m  [["provider", "email"], ["email", "sue@email.com"]]
  [1m[35mSQL (0.4ms)[0m  [1m[32mINSERT INTO "users" ("uid", "encrypted_password", "nickname", "image", "email", "tokens", "created_at", "updated_at") VALUES ($1, $2, $3, $4, $5, $6, $7, $8) RETURNING "id"[0m  [["uid", "sue@email.com"], ["encrypted_password", "$2a$10$WEeYYFQivsI.w5iDQxa1zufpb1cNYMMtEHqiVXlYHZ6J2P1F3jyuO"], ["nickname", "sueBell"], ["image", "someurl"], ["email", "sue@email.com"], ["tokens", "{}"], ["created_at", 2017-03-02 20:23:39 UTC], ["updated_at", 2017-03-02 20:23:39 UTC]]
  [1m[35m (6.5ms)[0m  [1m[35mCOMMIT[0m
  [1m[35m (0.1ms)[0m  [1m[35mBEGIN[0m
  [1m[35mSQL (0.4ms)[0m  [1m[33mUPDATE "users" SET "tokens" = $1, "updated_at" = $2 WHERE "users"."id" = $3[0m  [["tokens", "{\"7n_ZYg1duE0o-ltaR9lGoQ\":{\"token\":\"$2a$10$KYyc./ddIvVtBBPz05Nwne.CkOc/hTEg1VibCCWJT.k/BodQZU1RS\",\"expiry\":1489692219}}"], ["updated_at", 2017-03-02 20:23:39 UTC], ["id", 2]]
  [1m[35m (0.3ms)[0m  [1m[35mCOMMIT[0m
  [1m[35m (0.1ms)[0m  [1m[35mBEGIN[0m
  [1m[36mUser Load (0.3ms)[0m  [1m[37mSELECT  "users".* FROM "users" WHERE "users"."id" = $1 LIMIT $2 FOR UPDATE[0m  [["id", 2], ["LIMIT", 1]]
  [1m[35mSQL (0.3ms)[0m  [1m[33mUPDATE "users" SET "tokens" = $1, "updated_at" = $2 WHERE "users"."id" = $3[0m  [["tokens", "{\"7n_ZYg1duE0o-ltaR9lGoQ\":{\"token\":\"$2a$10$YZTaVUQaSoKPTsmZvzGVfO1AS6HF2gFNjeWS1sZDSPGaWhxaF5ik2\",\"expiry\":1489692219,\"last_token\":\"$2a$10$KYyc./ddIvVtBBPz05Nwne.CkOc/hTEg1VibCCWJT.k/BodQZU1RS\",\"updated_at\":\"2017-03-02T15:23:39.414-05:00\"}}"], ["updated_at", 2017-03-02 20:23:39 UTC], ["id", 2]]
  [1m[35m (0.4ms)[0m  [1m[35mCOMMIT[0m
Completed 200 OK in 235ms (Views: 3.5ms | ActiveRecord: 12.5ms)


Started POST "/scores" for ::1 at 2017-03-02 15:44:41 -0500
Processing by ScoresController#create as */*
  Parameters: {"score"=>{"game_score"=>"30", "user_id"=>"1"}}
  [1m[35m (0.1ms)[0m  [1m[35mBEGIN[0m
  [1m[36mUser Load (0.5ms)[0m  [1m[34mSELECT  "users".* FROM "users" WHERE "users"."id" = $1 LIMIT $2[0m  [["id", 1], ["LIMIT", 1]]
  [1m[35mSQL (0.5ms)[0m  [1m[32mINSERT INTO "scores" ("user_id", "game_score", "created_at", "updated_at") VALUES ($1, $2, $3, $4) RETURNING "id"[0m  [["user_id", 1], ["game_score", 30], ["created_at", 2017-03-02 20:44:41 UTC], ["updated_at", 2017-03-02 20:44:41 UTC]]
  [1m[35m (1.0ms)[0m  [1m[35mCOMMIT[0m
Completed 201 Created in 25ms (Views: 3.0ms | ActiveRecord: 6.1ms)


Started GET "/scores" for ::1 at 2017-03-02 15:51:00 -0500
Processing by ScoresController#index as */*
  [1m[36mScore Load (0.5ms)[0m  [1m[34mSELECT  "scores".* FROM "scores" LIMIT $1[0m  [["LIMIT", 10]]
  [1m[36mUser Load (0.4ms)[0m  [1m[34mSELECT  "users".* FROM "users" WHERE "users"."id" = $1 LIMIT $2[0m  [["id", 1], ["LIMIT", 1]]
  [1m[36mCACHE (0.0ms)[0m  [1m[34mSELECT  "users".* FROM "users" WHERE "users"."id" = $1 LIMIT $2[0m  [["id", 1], ["LIMIT", 1]]
  [1m[36mCACHE (0.0ms)[0m  [1m[34mSELECT  "users".* FROM "users" WHERE "users"."id" = $1 LIMIT $2[0m  [["id", 1], ["LIMIT", 1]]
  [1m[36mCACHE (0.0ms)[0m  [1m[34mSELECT  "users".* FROM "users" WHERE "users"."id" = $1 LIMIT $2[0m  [["id", 1], ["LIMIT", 1]]
  [1m[36mCACHE (0.0ms)[0m  [1m[34mSELECT  "users".* FROM "users" WHERE "users"."id" = $1 LIMIT $2[0m  [["id", 1], ["LIMIT", 1]]
  [1m[36mCACHE (0.0ms)[0m  [1m[34mSELECT  "users".* FROM "users" WHERE "users"."id" = $1 LIMIT $2[0m  [["id", 1], ["LIMIT", 1]]
  [1m[36mCACHE (0.0ms)[0m  [1m[34mSELECT  "users".* FROM "users" WHERE "users"."id" = $1 LIMIT $2[0m  [["id", 1], ["LIMIT", 1]]
  [1m[36mCACHE (0.0ms)[0m  [1m[34mSELECT  "users".* FROM "users" WHERE "users"."id" = $1 LIMIT $2[0m  [["id", 1], ["LIMIT", 1]]
  [1m[36mCACHE (0.0ms)[0m  [1m[34mSELECT  "users".* FROM "users" WHERE "users"."id" = $1 LIMIT $2[0m  [["id", 1], ["LIMIT", 1]]
  [1m[36mCACHE (0.0ms)[0m  [1m[34mSELECT  "users".* FROM "users" WHERE "users"."id" = $1 LIMIT $2[0m  [["id", 1], ["LIMIT", 1]]
Completed 200 OK in 10ms (Views: 9.1ms | ActiveRecord: 1.1ms)


Started GET "/scores" for ::1 at 2017-03-02 15:53:37 -0500
Processing by ScoresController#index as */*
Completed 500 Internal Server Error in 55ms (ActiveRecord: 0.0ms)


  
NameError (undefined local variable or method `game_score' for #<ScoresController:0x007ffdb84de280>):
  
app/controllers/scores_controller.rb:5:in `index'
  Rendering /Users/Joe/.rbenv/versions/2.3.1/lib/ruby/gems/2.3.0/gems/actionpack-5.0.1/lib/action_dispatch/middleware/templates/rescues/diagnostics.html.erb within rescues/layout
  Rendering /Users/Joe/.rbenv/versions/2.3.1/lib/ruby/gems/2.3.0/gems/actionpack-5.0.1/lib/action_dispatch/middleware/templates/rescues/_source.html.erb
  Rendered /Users/Joe/.rbenv/versions/2.3.1/lib/ruby/gems/2.3.0/gems/actionpack-5.0.1/lib/action_dispatch/middleware/templates/rescues/_source.html.erb (2.1ms)
  Rendering /Users/Joe/.rbenv/versions/2.3.1/lib/ruby/gems/2.3.0/gems/actionpack-5.0.1/lib/action_dispatch/middleware/templates/rescues/_trace.html.erb
  Rendered /Users/Joe/.rbenv/versions/2.3.1/lib/ruby/gems/2.3.0/gems/actionpack-5.0.1/lib/action_dispatch/middleware/templates/rescues/_trace.html.erb (1.2ms)
  Rendering /Users/Joe/.rbenv/versions/2.3.1/lib/ruby/gems/2.3.0/gems/actionpack-5.0.1/lib/action_dispatch/middleware/templates/rescues/_request_and_response.html.erb
  Rendered /Users/Joe/.rbenv/versions/2.3.1/lib/ruby/gems/2.3.0/gems/actionpack-5.0.1/lib/action_dispatch/middleware/templates/rescues/_request_and_response.html.erb (0.7ms)
  Rendered /Users/Joe/.rbenv/versions/2.3.1/lib/ruby/gems/2.3.0/gems/actionpack-5.0.1/lib/action_dispatch/middleware/templates/rescues/diagnostics.html.erb within rescues/layout (73.4ms)
Started GET "/scores" for ::1 at 2017-03-02 15:55:07 -0500
Processing by ScoresController#index as */*
  [1m[36mScore Load (0.6ms)[0m  [1m[34mSELECT  "scores".* FROM "scores" ORDER BY "scores"."game_score" ASC LIMIT $1[0m  [["LIMIT", 10]]
  [1m[36mUser Load (0.5ms)[0m  [1m[34mSELECT  "users".* FROM "users" WHERE "users"."id" = $1 LIMIT $2[0m  [["id", 1], ["LIMIT", 1]]
  [1m[36mCACHE (0.0ms)[0m  [1m[34mSELECT  "users".* FROM "users" WHERE "users"."id" = $1 LIMIT $2[0m  [["id", 1], ["LIMIT", 1]]
  [1m[36mCACHE (0.0ms)[0m  [1m[34mSELECT  "users".* FROM "users" WHERE "users"."id" = $1 LIMIT $2[0m  [["id", 1], ["LIMIT", 1]]
  [1m[36mCACHE (0.0ms)[0m  [1m[34mSELECT  "users".* FROM "users" WHERE "users"."id" = $1 LIMIT $2[0m  [["id", 1], ["LIMIT", 1]]
  [1m[36mCACHE (0.0ms)[0m  [1m[34mSELECT  "users".* FROM "users" WHERE "users"."id" = $1 LIMIT $2[0m  [["id", 1], ["LIMIT", 1]]
  [1m[36mCACHE (0.0ms)[0m  [1m[34mSELECT  "users".* FROM "users" WHERE "users"."id" = $1 LIMIT $2[0m  [["id", 1], ["LIMIT", 1]]
  [1m[36mCACHE (0.0ms)[0m  [1m[34mSELECT  "users".* FROM "users" WHERE "users"."id" = $1 LIMIT $2[0m  [["id", 1], ["LIMIT", 1]]
  [1m[36mCACHE (0.0ms)[0m  [1m[34mSELECT  "users".* FROM "users" WHERE "users"."id" = $1 LIMIT $2[0m  [["id", 1], ["LIMIT", 1]]
  [1m[36mCACHE (0.0ms)[0m  [1m[34mSELECT  "users".* FROM "users" WHERE "users"."id" = $1 LIMIT $2[0m  [["id", 1], ["LIMIT", 1]]
  [1m[36mCACHE (0.0ms)[0m  [1m[34mSELECT  "users".* FROM "users" WHERE "users"."id" = $1 LIMIT $2[0m  [["id", 1], ["LIMIT", 1]]
Completed 200 OK in 48ms (Views: 39.4ms | ActiveRecord: 5.4ms)


Started GET "/scores" for ::1 at 2017-03-02 15:55:33 -0500
  
SyntaxError (/Users/Joe/Documents/TIY/Week8/trivia_app/app/controllers/scores_controller.rb:5: syntax error, unexpected tCONSTANT, expecting ')'
    @scores = Score.all.limit(10).order(:game_score DESC)
                                                        ^):
  
app/controllers/scores_controller.rb:5: syntax error, unexpected tCONSTANT, expecting ')'
  Rendering /Users/Joe/.rbenv/versions/2.3.1/lib/ruby/gems/2.3.0/gems/actionpack-5.0.1/lib/action_dispatch/middleware/templates/rescues/diagnostics.html.erb within rescues/layout
  Rendering /Users/Joe/.rbenv/versions/2.3.1/lib/ruby/gems/2.3.0/gems/actionpack-5.0.1/lib/action_dispatch/middleware/templates/rescues/_source.html.erb
  Rendered /Users/Joe/.rbenv/versions/2.3.1/lib/ruby/gems/2.3.0/gems/actionpack-5.0.1/lib/action_dispatch/middleware/templates/rescues/_source.html.erb (2.4ms)
  Rendering /Users/Joe/.rbenv/versions/2.3.1/lib/ruby/gems/2.3.0/gems/actionpack-5.0.1/lib/action_dispatch/middleware/templates/rescues/_trace.html.erb
  Rendered /Users/Joe/.rbenv/versions/2.3.1/lib/ruby/gems/2.3.0/gems/actionpack-5.0.1/lib/action_dispatch/middleware/templates/rescues/_trace.html.erb (1.5ms)
  Rendering /Users/Joe/.rbenv/versions/2.3.1/lib/ruby/gems/2.3.0/gems/actionpack-5.0.1/lib/action_dispatch/middleware/templates/rescues/_request_and_response.html.erb
  Rendered /Users/Joe/.rbenv/versions/2.3.1/lib/ruby/gems/2.3.0/gems/actionpack-5.0.1/lib/action_dispatch/middleware/templates/rescues/_request_and_response.html.erb (0.8ms)
  Rendered /Users/Joe/.rbenv/versions/2.3.1/lib/ruby/gems/2.3.0/gems/actionpack-5.0.1/lib/action_dispatch/middleware/templates/rescues/diagnostics.html.erb within rescues/layout (54.0ms)
Started GET "/scores" for ::1 at 2017-03-02 15:56:13 -0500
  
SyntaxError (/Users/Joe/Documents/TIY/Week8/trivia_app/app/controllers/scores_controller.rb:5: syntax error, unexpected ':', expecting ')'
    @scores = Score.all.limit(10).order(:game_score :desc)
                                                     ^):
  
app/controllers/scores_controller.rb:5: syntax error, unexpected ':', expecting ')'
  Rendering /Users/Joe/.rbenv/versions/2.3.1/lib/ruby/gems/2.3.0/gems/actionpack-5.0.1/lib/action_dispatch/middleware/templates/rescues/diagnostics.html.erb within rescues/layout
  Rendering /Users/Joe/.rbenv/versions/2.3.1/lib/ruby/gems/2.3.0/gems/actionpack-5.0.1/lib/action_dispatch/middleware/templates/rescues/_source.html.erb
  Rendered /Users/Joe/.rbenv/versions/2.3.1/lib/ruby/gems/2.3.0/gems/actionpack-5.0.1/lib/action_dispatch/middleware/templates/rescues/_source.html.erb (2.1ms)
  Rendering /Users/Joe/.rbenv/versions/2.3.1/lib/ruby/gems/2.3.0/gems/actionpack-5.0.1/lib/action_dispatch/middleware/templates/rescues/_trace.html.erb
  Rendered /Users/Joe/.rbenv/versions/2.3.1/lib/ruby/gems/2.3.0/gems/actionpack-5.0.1/lib/action_dispatch/middleware/templates/rescues/_trace.html.erb (1.0ms)
  Rendering /Users/Joe/.rbenv/versions/2.3.1/lib/ruby/gems/2.3.0/gems/actionpack-5.0.1/lib/action_dispatch/middleware/templates/rescues/_request_and_response.html.erb
  Rendered /Users/Joe/.rbenv/versions/2.3.1/lib/ruby/gems/2.3.0/gems/actionpack-5.0.1/lib/action_dispatch/middleware/templates/rescues/_request_and_response.html.erb (0.8ms)
  Rendered /Users/Joe/.rbenv/versions/2.3.1/lib/ruby/gems/2.3.0/gems/actionpack-5.0.1/lib/action_dispatch/middleware/templates/rescues/diagnostics.html.erb within rescues/layout (45.4ms)
Started GET "/scores" for ::1 at 2017-03-02 15:57:44 -0500
Processing by ScoresController#index as */*
  [1m[36mScore Load (0.3ms)[0m  [1m[34mSELECT  "scores".* FROM "scores" ORDER BY game_score DESC LIMIT $1[0m  [["LIMIT", 10]]
  [1m[36mUser Load (0.3ms)[0m  [1m[34mSELECT  "users".* FROM "users" WHERE "users"."id" = $1 LIMIT $2[0m  [["id", 1], ["LIMIT", 1]]
  [1m[36mCACHE (0.0ms)[0m  [1m[34mSELECT  "users".* FROM "users" WHERE "users"."id" = $1 LIMIT $2[0m  [["id", 1], ["LIMIT", 1]]
  [1m[36mCACHE (0.0ms)[0m  [1m[34mSELECT  "users".* FROM "users" WHERE "users"."id" = $1 LIMIT $2[0m  [["id", 1], ["LIMIT", 1]]
  [1m[36mCACHE (0.0ms)[0m  [1m[34mSELECT  "users".* FROM "users" WHERE "users"."id" = $1 LIMIT $2[0m  [["id", 1], ["LIMIT", 1]]
  [1m[36mCACHE (0.0ms)[0m  [1m[34mSELECT  "users".* FROM "users" WHERE "users"."id" = $1 LIMIT $2[0m  [["id", 1], ["LIMIT", 1]]
  [1m[36mCACHE (0.0ms)[0m  [1m[34mSELECT  "users".* FROM "users" WHERE "users"."id" = $1 LIMIT $2[0m  [["id", 1], ["LIMIT", 1]]
  [1m[36mCACHE (0.0ms)[0m  [1m[34mSELECT  "users".* FROM "users" WHERE "users"."id" = $1 LIMIT $2[0m  [["id", 1], ["LIMIT", 1]]
  [1m[36mCACHE (0.0ms)[0m  [1m[34mSELECT  "users".* FROM "users" WHERE "users"."id" = $1 LIMIT $2[0m  [["id", 1], ["LIMIT", 1]]
  [1m[36mCACHE (0.0ms)[0m  [1m[34mSELECT  "users".* FROM "users" WHERE "users"."id" = $1 LIMIT $2[0m  [["id", 1], ["LIMIT", 1]]
  [1m[36mCACHE (0.0ms)[0m  [1m[34mSELECT  "users".* FROM "users" WHERE "users"."id" = $1 LIMIT $2[0m  [["id", 1], ["LIMIT", 1]]
Completed 200 OK in 32ms (Views: 25.9ms | ActiveRecord: 0.7ms)


Started GET "/" for ::1 at 2017-03-03 08:25:27 -0500
  [1m[36mActiveRecord::SchemaMigration Load (0.6ms)[0m  [1m[34mSELECT "schema_migrations".* FROM "schema_migrations"[0m
Processing by HomeController#index as HTML
  Rendering home/index.html.erb within layouts/application
  Rendered home/index.html.erb within layouts/application (1.3ms)
Completed 200 OK in 861ms (Views: 856.3ms | ActiveRecord: 0.0ms)


Started POST "/auth/sign_in" for ::1 at 2017-03-03 08:25:50 -0500
Processing by DeviseTokenAuth::SessionsController#create as HTML
  Parameters: {"email"=>"goat@mail.com", "password"=>"[FILTERED]", "session"=>{"email"=>"goat@mail.com", "password"=>"[FILTERED]"}}
Unpermitted parameter: session
Unpermitted parameter: session
  [1m[36mUser Load (2.0ms)[0m  [1m[34mSELECT  "users".* FROM "users" WHERE (email = 'goat@mail.com' AND provider='email') ORDER BY "users"."id" ASC LIMIT $1[0m  [["LIMIT", 1]]
Completed 401 Unauthorized in 44ms (Views: 4.0ms | ActiveRecord: 11.5ms)


Started POST "/auth/sign_in" for ::1 at 2017-03-03 08:26:22 -0500
Processing by DeviseTokenAuth::SessionsController#create as HTML
  Parameters: {"email"=>"goat@email.com", "password"=>"[FILTERED]", "session"=>{"email"=>"goat@email.com", "password"=>"[FILTERED]"}}
Unpermitted parameter: session
Unpermitted parameter: session
  [1m[36mUser Load (1.5ms)[0m  [1m[34mSELECT  "users".* FROM "users" WHERE (email = 'goat@email.com' AND provider='email') ORDER BY "users"."id" ASC LIMIT $1[0m  [["LIMIT", 1]]
Unpermitted parameter: session
Unpermitted parameter: session
Completed 401 Unauthorized in 118ms (Views: 18.1ms | ActiveRecord: 2.5ms)


Started POST "/auth/sign_in" for ::1 at 2017-03-03 08:26:52 -0500
Processing by DeviseTokenAuth::SessionsController#create as HTML
  Parameters: {"email"=>"goat@email.com", "password"=>"[FILTERED]", "session"=>{"email"=>"goat@email.com", "password"=>"[FILTERED]"}}
Unpermitted parameter: session
Unpermitted parameter: session
  [1m[36mUser Load (1.3ms)[0m  [1m[34mSELECT  "users".* FROM "users" WHERE (email = 'goat@email.com' AND provider='email') ORDER BY "users"."id" ASC LIMIT $1[0m  [["LIMIT", 1]]
Unpermitted parameter: session
Unpermitted parameter: session
  [1m[35m (0.1ms)[0m  [1m[35mBEGIN[0m
  [1m[35mSQL (2.1ms)[0m  [1m[33mUPDATE "users" SET "tokens" = $1, "updated_at" = $2 WHERE "users"."id" = $3[0m  [["tokens", "{\"2z2xbmDNwP3GY4cRq58f6g\":{\"token\":\"$2a$10$P2PyhqMmpMTEV5evFBnPoew6kJfCYMFNHAwI8EteFCrwk1U/Ckn8y\",\"expiry\":1489699645,\"last_token\":\"$2a$10$0Vnrozw7YRhoEjN.7kBto.EXlzcbdE2bfpYU5g1PykLLlceHwTdUC\",\"updated_at\":\"2017-03-02T17:27:25.576-05:00\"},\"9Lu38iOsrzZYwKx9xCiamA\":{\"token\":\"$2a$10$X2zoL9yHatmV7iTUuEphe.lhh.I2JF4qF3HLzMtH5zdrEbWr9h2Aa\",\"expiry\":1489753612}}"], ["updated_at", 2017-03-03 13:26:52 UTC], ["id", 4]]
  [1m[35m (0.5ms)[0m  [1m[35mCOMMIT[0m
  [1m[35m (0.1ms)[0m  [1m[35mBEGIN[0m
  [1m[35mSQL (0.4ms)[0m  [1m[33mUPDATE "users" SET "sign_in_count" = $1, "current_sign_in_at" = $2, "last_sign_in_at" = $3, "current_sign_in_ip" = $4, "last_sign_in_ip" = $5, "updated_at" = $6 WHERE "users"."id" = $7[0m  [["sign_in_count", 1], ["current_sign_in_at", 2017-03-03 13:26:52 UTC], ["last_sign_in_at", 2017-03-03 13:26:52 UTC], ["current_sign_in_ip", "::1"], ["last_sign_in_ip", "::1"], ["updated_at", 2017-03-03 13:26:52 UTC], ["id", 4]]
  [1m[35m (0.3ms)[0m  [1m[35mCOMMIT[0m
  [1m[35m (0.1ms)[0m  [1m[35mBEGIN[0m
  [1m[36mUser Load (0.4ms)[0m  [1m[37mSELECT  "users".* FROM "users" WHERE "users"."id" = $1 LIMIT $2 FOR UPDATE[0m  [["id", 4], ["LIMIT", 1]]
  [1m[35mSQL (0.6ms)[0m  [1m[33mUPDATE "users" SET "tokens" = $1, "updated_at" = $2 WHERE "users"."id" = $3[0m  [["tokens", "{\"2z2xbmDNwP3GY4cRq58f6g\":{\"token\":\"$2a$10$P2PyhqMmpMTEV5evFBnPoew6kJfCYMFNHAwI8EteFCrwk1U/Ckn8y\",\"expiry\":1489699645,\"last_token\":\"$2a$10$0Vnrozw7YRhoEjN.7kBto.EXlzcbdE2bfpYU5g1PykLLlceHwTdUC\",\"updated_at\":\"2017-03-02T17:27:25.576-05:00\"},\"9Lu38iOsrzZYwKx9xCiamA\":{\"token\":\"$2a$10$4bxAxCcobcnAjODd.80t6O6xCSJN.efgIUahu0CBs/z/wd65RK7yG\",\"expiry\":1489753612,\"last_token\":\"$2a$10$X2zoL9yHatmV7iTUuEphe.lhh.I2JF4qF3HLzMtH5zdrEbWr9h2Aa\",\"updated_at\":\"2017-03-03T08:26:52.624-05:00\"}}"], ["updated_at", 2017-03-03 13:26:52 UTC], ["id", 4]]
  [1m[35m (0.3ms)[0m  [1m[35mCOMMIT[0m
Completed 200 OK in 230ms (Views: 6.4ms | ActiveRecord: 6.1ms)


Started POST "/auth/sign_in" for ::1 at 2017-03-03 08:45:33 -0500
  [1m[36mActiveRecord::SchemaMigration Load (0.4ms)[0m  [1m[34mSELECT "schema_migrations".* FROM "schema_migrations"[0m
Processing by DeviseTokenAuth::SessionsController#create as HTML
  Parameters: {"email"=>"goat@email.com", "password"=>"[FILTERED]"}
  [1m[36mUser Load (1.1ms)[0m  [1m[34mSELECT  "users".* FROM "users" WHERE (email = 'goat@email.com' AND provider='email') ORDER BY "users"."id" ASC LIMIT $1[0m  [["LIMIT", 1]]
  [1m[35m (0.2ms)[0m  [1m[35mBEGIN[0m
  [1m[35mSQL (0.4ms)[0m  [1m[33mUPDATE "users" SET "tokens" = $1, "updated_at" = $2 WHERE "users"."id" = $3[0m  [["tokens", "{\"2z2xbmDNwP3GY4cRq58f6g\":{\"token\":\"$2a$10$P2PyhqMmpMTEV5evFBnPoew6kJfCYMFNHAwI8EteFCrwk1U/Ckn8y\",\"expiry\":1489699645,\"last_token\":\"$2a$10$0Vnrozw7YRhoEjN.7kBto.EXlzcbdE2bfpYU5g1PykLLlceHwTdUC\",\"updated_at\":\"2017-03-02T17:27:25.576-05:00\"},\"9Lu38iOsrzZYwKx9xCiamA\":{\"token\":\"$2a$10$4bxAxCcobcnAjODd.80t6O6xCSJN.efgIUahu0CBs/z/wd65RK7yG\",\"expiry\":1489753612,\"last_token\":\"$2a$10$X2zoL9yHatmV7iTUuEphe.lhh.I2JF4qF3HLzMtH5zdrEbWr9h2Aa\",\"updated_at\":\"2017-03-03T08:26:52.624-05:00\"},\"uts-tZkjqQTxHYnNy4Yb5w\":{\"token\":\"$2a$10$S9OUMHTK5nlFl8/SWFIGoOF/NdKEQXA09tROxzrNeonAuFqP1tWYW\",\"expiry\":1489754733}}"], ["updated_at", 2017-03-03 13:45:33 UTC], ["id", 4]]
  [1m[35m (1.1ms)[0m  [1m[35mCOMMIT[0m
  [1m[35m (0.1ms)[0m  [1m[35mBEGIN[0m
  [1m[35mSQL (0.3ms)[0m  [1m[33mUPDATE "users" SET "sign_in_count" = $1, "current_sign_in_at" = $2, "updated_at" = $3 WHERE "users"."id" = $4[0m  [["sign_in_count", 2], ["current_sign_in_at", 2017-03-03 13:45:33 UTC], ["updated_at", 2017-03-03 13:45:33 UTC], ["id", 4]]
  [1m[35m (0.3ms)[0m  [1m[35mCOMMIT[0m
  [1m[35m (0.1ms)[0m  [1m[35mBEGIN[0m
  [1m[36mUser Load (0.3ms)[0m  [1m[37mSELECT  "users".* FROM "users" WHERE "users"."id" = $1 LIMIT $2 FOR UPDATE[0m  [["id", 4], ["LIMIT", 1]]
  [1m[35mSQL (0.4ms)[0m  [1m[33mUPDATE "users" SET "tokens" = $1, "updated_at" = $2 WHERE "users"."id" = $3[0m  [["tokens", "{\"2z2xbmDNwP3GY4cRq58f6g\":{\"token\":\"$2a$10$P2PyhqMmpMTEV5evFBnPoew6kJfCYMFNHAwI8EteFCrwk1U/Ckn8y\",\"expiry\":1489699645,\"last_token\":\"$2a$10$0Vnrozw7YRhoEjN.7kBto.EXlzcbdE2bfpYU5g1PykLLlceHwTdUC\",\"updated_at\":\"2017-03-02T17:27:25.576-05:00\"},\"9Lu38iOsrzZYwKx9xCiamA\":{\"token\":\"$2a$10$4bxAxCcobcnAjODd.80t6O6xCSJN.efgIUahu0CBs/z/wd65RK7yG\",\"expiry\":1489753612,\"last_token\":\"$2a$10$X2zoL9yHatmV7iTUuEphe.lhh.I2JF4qF3HLzMtH5zdrEbWr9h2Aa\",\"updated_at\":\"2017-03-03T08:26:52.624-05:00\"},\"uts-tZkjqQTxHYnNy4Yb5w\":{\"token\":\"$2a$10$WqWa4GUvF4/WhMZoBRTNiu6Uw.dcD1c5u00uHI2qQ26nITWyorEGy\",\"expiry\":1489754733,\"last_token\":\"$2a$10$S9OUMHTK5nlFl8/SWFIGoOF/NdKEQXA09tROxzrNeonAuFqP1tWYW\",\"updated_at\":\"2017-03-03T08:45:33.458-05:00\"}}"], ["updated_at", 2017-03-03 13:45:33 UTC], ["id", 4]]
  [1m[35m (0.5ms)[0m  [1m[35mCOMMIT[0m
Completed 200 OK in 226ms (Views: 2.7ms | ActiveRecord: 6.8ms)


Started POST "/auth" for ::1 at 2017-03-03 08:47:33 -0500
Processing by DeviseTokenAuth::RegistrationsController#create as HTML
  Parameters: {"email"=>"joe@joe.com", "password"=>"[FILTERED]"}
  [1m[35m (0.1ms)[0m  [1m[35mBEGIN[0m
  [1m[35m (0.4ms)[0m  [1m[34mSELECT COUNT(*) FROM "users" WHERE "users"."provider" = $1 AND "users"."email" = $2[0m  [["provider", "email"], ["email", "joe@joe.com"]]
  [1m[35mSQL (0.5ms)[0m  [1m[32mINSERT INTO "users" ("uid", "encrypted_password", "email", "tokens", "created_at", "updated_at") VALUES ($1, $2, $3, $4, $5, $6) RETURNING "id"[0m  [["uid", "joe@joe.com"], ["encrypted_password", "$2a$10$C3xl/kJqjQoAB8xdGgzsquuJJTcoF3moQt1mEMWbHbOzWbdZV37pa"], ["email", "joe@joe.com"], ["tokens", "{}"], ["created_at", 2017-03-03 13:47:33 UTC], ["updated_at", 2017-03-03 13:47:33 UTC]]
  [1m[35m (0.4ms)[0m  [1m[35mCOMMIT[0m
  [1m[35m (0.2ms)[0m  [1m[35mBEGIN[0m
  [1m[35mSQL (0.3ms)[0m  [1m[33mUPDATE "users" SET "tokens" = $1, "updated_at" = $2 WHERE "users"."id" = $3[0m  [["tokens", "{\"zDPqWwdiR53fP6-3vbcy1A\":{\"token\":\"$2a$10$sQaXK3/lfMqaT1lMCRX2MuYncmRwwFzDZLWp8nzAl7VjNBBTRKOsu\",\"expiry\":1489754853}}"], ["updated_at", 2017-03-03 13:47:33 UTC], ["id", 6]]
  [1m[35m (0.3ms)[0m  [1m[35mCOMMIT[0m
  [1m[35m (0.1ms)[0m  [1m[35mBEGIN[0m
  [1m[36mUser Load (0.3ms)[0m  [1m[37mSELECT  "users".* FROM "users" WHERE "users"."id" = $1 LIMIT $2 FOR UPDATE[0m  [["id", 6], ["LIMIT", 1]]
  [1m[35mSQL (0.4ms)[0m  [1m[33mUPDATE "users" SET "tokens" = $1, "updated_at" = $2 WHERE "users"."id" = $3[0m  [["tokens", "{\"zDPqWwdiR53fP6-3vbcy1A\":{\"token\":\"$2a$10$HDJOAIbfr8FrB5dGDyn6Eui/v4h7OttQCatxItkwUuIFakhhmdZC2\",\"expiry\":1489754853,\"last_token\":\"$2a$10$sQaXK3/lfMqaT1lMCRX2MuYncmRwwFzDZLWp8nzAl7VjNBBTRKOsu\",\"updated_at\":\"2017-03-03T08:47:33.927-05:00\"}}"], ["updated_at", 2017-03-03 13:47:33 UTC], ["id", 6]]
  [1m[35m (0.3ms)[0m  [1m[35mCOMMIT[0m
Completed 200 OK in 210ms (Views: 2.6ms | ActiveRecord: 3.3ms)


Started GET "/questions/index" for ::1 at 2017-03-03 10:38:55 -0500
  [1m[36mActiveRecord::SchemaMigration Load (0.3ms)[0m  [1m[34mSELECT "schema_migrations".* FROM "schema_migrations"[0m
Processing by QuestionsController#index as */*
Completed 200 OK in 3292ms (Views: 88.9ms | ActiveRecord: 0.0ms)


Started GET "/questions/index" for ::1 at 2017-03-03 10:43:32 -0500
Processing by QuestionsController#index as */*
Completed 500 Internal Server Error in 2099ms (ActiveRecord: 0.0ms)


  
JSON::ParserError (419: unexpected token at '{"category":"Entertainment: Cartoon & Animations","type":"multiple","difficulty":"hard","question":"Who played Stan's dog in the South Park episode "Big Gay Al's Big Gay Boat Ride"?","correct_answer":"George Clooney","incorrect_answers":["Jay Leno","Matt Stone","Robert Smith"]},{"category":"Entertainment: Film","type":"multiple","difficulty":"hard","question":"In the 1976 film 'Taxi Driver', how many guns did Travis buy from the salesman?","correct_answer":"4","incorrect_answers":["2","6","1"]},{"category":"History","type":"multiple","difficulty":"hard","question":"Which naval battle was considered the turning point of the Pacific Ocean Theater during World War 2?","correct_answer":"Battle of Midway","incorrect_answers":["Attack on Truk Island","Attack on Pearl Harbor","Battle of the Coral Sea"]},{"category":"Science & Nature","type":"multiple","difficulty":"hard","question":"Which is the chemical name of H2O?","correct_answer":"Dihydrogen Monoxide","incorrect_answers":["Ammonium chloride","Anhydrous Sodium Carbonate","Manganese dioxide"]},{"category":"Entertainment: Books","type":"multiple","difficulty":"hard","question":"Who wrote the novel "Moby-Dick"?","correct_answer":"Herman Melville","incorrect_answers":["William Golding","William Shakespeare","J. R. R. Tolkien"]},{"category":"Entertainment: Video Games","type":"multiple","difficulty":"hard","question":"What was the name of the hero in the 80s animated video game 'Dragon's Lair'?","correct_answer":"Dirk the Daring","incorrect_answers":["Arthur","Sir Toby Belch","Guy of Gisbourne"]},{"category":"Science & Nature","type":"multiple","difficulty":"hard","question":"How many legs is it biologically impossible for a centipede to have?","correct_answer":"100","incorrect_answers":["26","50","74"]},{"category":"Entertainment: Music","type":"multiple","difficulty":"hard","question":"Who was the original drummer for The Beatles?","correct_answer":"Tommy Moore","incorrect_answers":["Ringo Starr","Stuart Sutcliffe","Pete Best"]},{"category":"Entertainment: Books","type":"multiple","difficulty":"hard","question":"In the Harry Potter universe, who does Draco Malfoy end up marrying?","correct_answer":"Astoria Greengrass","incorrect_answers":["Pansy Parkinson","Millicent Bulstrode","Hermione Granger"]},{"category":"Entertainment: Books","type":"multiple","difficulty":"hard","question":"What is Hermione Granger's middle name?","correct_answer":"Jean","incorrect_answers":["Jane","Emma","Jo"]},{"category":"Science & Nature","type":"multiple","difficulty":"hard","question":"What common name is given to the medial condition, tibial stress syndrome (MTSS)?","correct_answer":"Shin Splints","incorrect_answers":["Tennis Elbow","Carpal Tunnel","Housemaid's Knee"]},{"category":"Geography","type":"multiple","difficulty":"hard","question":"The prefix Sino- (As in Sino-American) is used to refer to what nationality?","correct_answer":"Chinese","incorrect_answers":["Japanese","Russian","Indian"]},{"category":"Science: Computers","type":"multiple","difficulty":"hard","question":"How many Hz does the video standard PAL support?","correct_answer":"50","incorrect_answers":["59","60","25"]},{"category":"Entertainment: Board Games","type":"multiple","difficulty":"hard","question":"What is the world's oldest board game?","correct_answer":"Senet","incorrect_answers":["Chess","Checkers","Go"]},{"category":"Geography","type":"multiple","difficulty":"hard","question":"Which of these is NOT a province in China?","correct_answer":"Yangtze","incorrect_answers":["Fujian","Sichuan","Guangdong"]},{"category":"Science: Mathematics","type":"multiple","difficulty":"hard","question":"How many zeptometres are inside one femtometre?","correct_answer":"1,000,000","incorrect_answers":["10","1,000,000,000","1000"]},{"category":"Vehicles","type":"multiple","difficulty":"hard","question":"The difference between the lengths of a Boeing 777-300ER and an Airbus A350-1000 is closest to:","correct_answer":"0.1m","incorrect_answers":["1m","10m ","100m"]},{"category":"Politics","type":"multiple","difficulty":"hard","question":"Which Native American tribe\/nation requires at least one half blood quantum (equivalent to one parent) to be eligible for membership?","correct_answer":"Yomba Shoshone Tribe","incorrect_answers":["Standing Rock Sioux Tribe","Kiowa Tribe of Oklahoma","Pawnee Nation of Oklahoma"]},{"category":"Art","type":"multiple","difficulty":"hard","question":"What year did Albrecht D&uuml;rer create the painting "The Young Hare"?","correct_answer":"1502","incorrect_answers":["1702","1402","1602"]},{"category":"Entertainment: Video Games","type":"multiple","difficulty":"hard","question":"In the original "Super Mario Bros.", what is the acceleration of Mario if he was in free fall?","correct_answer":"9.31 g","incorrect_answers":["11 g","9.42 g","4.4 g"]},{"category":"Entertainment: Video Games","type":"multiple","difficulty":"hard","question":"What is the main theme song of "Sonic Adventure 2"?","correct_answer":"Live and Learn","incorrect_answers":["Open Your Heart","Can You Feel the Sunshine?","His World"]},{"category":"Entertainment: Video Games","type":"multiple","difficulty":"hard","question":"How long are all the cutscenes from Metal Gear Solid 4 (PS3, 2008) combined?","correct_answer":"8 hours","incorrect_answers":["4 hours","12 hours","5 hours"]},{"category":"Entertainment: Film","type":"multiple","difficulty":"hard","question":"What did the first moving picture depict?","correct_answer":"A galloping horse","incorrect_answers":["A woman in a dress","A man walking","A crackling fire"]},{"category":"Entertainment: Cartoon & Animations","type":"multiple","difficulty":"hard","question":"Which of the following films was Don Bluth both the writer, director, and producer for?","correct_answer":"All Dogs Go To Heaven","incorrect_answers":["Titan A.E.","Anastasia","The Land Before Time"]},{"category":"Vehicles","type":"multiple","difficulty":"hard","question":"Which of these is NOT a car model produced by Malaysian car manufacturer Proton?","correct_answer":"Kelisa","incorrect_answers":["Saga","Perdana","Inspira"]},{"category":"General Knowledge","type":"multiple","difficulty":"hard","question":"Which of these banks are NOT authorized to issue currency notes in Hong Kong?","correct_answer":"OCBC","incorrect_answers":["HSBC","Standard Chartered","Bank of China"]},{"category":"General Knowledge","type":"multiple","difficulty":"hard","question":"What is the romanized Chinese word for "airplane"?","correct_answer":"Feiji","incorrect_answers":["Qiche","Zongxian","Huojian"]},{"category":"Entertainment: Video Games","type":"multiple","difficulty":"hard","question":"What device allows Tracer to manipulate her own time in the game "Overwatch"?","correct_answer":"Chronal Accelerator","incorrect_answers":["B.L.I.N.K","Spacial Displacement Manipulator","TMD (Time Manipulation Device)"]},{"category":"Geography","type":"multiple","difficulty":"hard","question":"How many countries border Kyrgyzstan?","correct_answer":"4","incorrect_answers":["3","1","6"]},{"category":"History","type":"multiple","difficulty":"hard","question":"During the Wars of the Roses (1455 - 1487) which Englishman was dubbed "the Kingmaker"?","correct_answer":"Richard Neville","incorrect_answers":["Richard III","Henry V","Thomas Warwick"]},{"category":"Entertainment: Film","type":"multiple","difficulty":"hard","question":"In what Disney movie can you spot the character "Pac-Man" in if you look closely enough in some scenes?","correct_answer":"Tron","incorrect_answers":["Big Hero 6","Fantasia","Monsters, Inc."]},{"category":"Entertainment: Musicals & Theatres","type":"multiple","difficulty":"hard","question":"What is the name of Broadway's first "long-run" musical?","correct_answer":"The Elves","incorrect_answers":["Wicked","Hamilton","The Book of Mormon"]},{"category":"Entertainment: Video Games","type":"multiple","difficulty":"hard","question":"Which souls game was not directed by Hidetaka Miyazaki?","correct_answer":"Dark Souls 2","incorrect_answers":["Demon Souls","Dark Souls","Dark Souls 3"]},{"category":"Science: Computers","type":"multiple","difficulty":"hard","question":"Which of these names was an actual codename for a cancelled Microsoft project?","correct_answer":"Neptune","incorrect_answers":["Enceladus","Pollux","Saturn"]},{"category":"History","type":"multiple","difficulty":"hard","question":"During the Roman Triumvirate of 42 BC, what region of the Roman Republic was given to Lepidus?","correct_answer":"Hispania ","incorrect_answers":["Italia","Gallia","Asia"]},{"category":"Entertainment: Music","type":"multiple","difficulty":"hard","question":"Which of these songs is NOT included in the Suicide Squad OST?","correct_answer":"Skies on Fire - AC\/DC","incorrect_answers":["Heathens - Twenty One Pilots","Without Me - Eminem","Fortunate Son - Creedence Clearwater Revival"]},{"category":"Entertainment: Television","type":"multiple","difficulty":"hard","question":"In "It's Always Sunny in Philadelphia" what was the name of Frank's wrestling persona?","correct_answer":"The Trash Man","incorrect_answers":["Bird of War","Day Man","The Maniac"]},{"category":"Entertainment: Comics","type":"multiple","difficulty":"hard","question":"In the Homestuck Series, what is the alternate name for the Kingdom of Lights?","correct_answer":"Prospit","incorrect_answers":["No Name","Golden City","Yellow Moon"]},{"category":"Entertainment: Board Games","type":"multiple","difficulty":"hard","question":"On a standard Monopoly board, how much do you have to pay for Tennessee Ave?","correct_answer":"$180","incorrect_answers":["$200","$160","$220"]},{"category":"Entertainment: Board Games","type":"multiple","difficulty":"hard","question":"In standard Monopoly, what's the rent if you land on Park Place with no houses?","correct_answer":"$35","incorrect_answers":["$30","$50","$45"]},{"category":"Entertainment: Music","type":"multiple","difficulty":"hard","question":"This album, now considered to be one of the greatest of all time, was a commercial failure when it was released.","correct_answer":"The Velvet Underground and Nico","incorrect_answers":["Abbey Road","Led Zeppelin IV","Pet Sounds"]},{"category":"Entertainment: Video Games","type":"multiple","difficulty":"hard","question":"Which car did not appear in the 2002 Lego Game: Drome Racers?","correct_answer":"Wasp","incorrect_answers":["Raptor","Hornet","Behemoth"]},{"category":"Entertainment: Video Games","type":"multiple","difficulty":"hard","question":"In the game Call of Duty, what is the last level where you play as an American soldier?","correct_answer":"Festung Recogne","incorrect_answers":["Ste. Mere-Eglise (Day)","Chateau","Brecourt"]},{"category":"Entertainment: Board Games","type":"multiple","difficulty":"hard","question":"Which board game was first released on February 6th, 1935?","correct_answer":"Monopoly","incorrect_answers":["Risk","Clue","Candy Land"]},{"category":"Entertainment: Video Games","type":"multiple","difficulty":"hard","question":"How many voice channels does the Super Nintendo Entertainment System support?","correct_answer":"8","incorrect_answers":["6","10","12"]},{"category":"Entertainment: Music","type":"multiple","difficulty":"hard","question":"Which of Michael Jackson's albums sold the most copies?","correct_answer":"Thriller","incorrect_answers":["Dangerous","Bad","Off the Wall"]},{"category":"Entertainment: Books","type":"multiple","difficulty":"hard","question":"Which of the following is NOT a work done by Shakespeare?","correct_answer":"Trial of Temperance","incorrect_answers":["Measure For Measure","Titus Andronicus","Cymbeline"]}]}'):
  
app/controllers/questions_controller.rb:13:in `index'
  Rendering /Users/DougEisner/.rbenv/versions/2.3.1/lib/ruby/gems/2.3.0/gems/actionpack-5.0.1/lib/action_dispatch/middleware/templates/rescues/diagnostics.html.erb within rescues/layout
  Rendering /Users/DougEisner/.rbenv/versions/2.3.1/lib/ruby/gems/2.3.0/gems/actionpack-5.0.1/lib/action_dispatch/middleware/templates/rescues/_source.html.erb
  Rendered /Users/DougEisner/.rbenv/versions/2.3.1/lib/ruby/gems/2.3.0/gems/actionpack-5.0.1/lib/action_dispatch/middleware/templates/rescues/_source.html.erb (2.8ms)
  Rendering /Users/DougEisner/.rbenv/versions/2.3.1/lib/ruby/gems/2.3.0/gems/actionpack-5.0.1/lib/action_dispatch/middleware/templates/rescues/_trace.html.erb
  Rendered /Users/DougEisner/.rbenv/versions/2.3.1/lib/ruby/gems/2.3.0/gems/actionpack-5.0.1/lib/action_dispatch/middleware/templates/rescues/_trace.html.erb (1.9ms)
  Rendering /Users/DougEisner/.rbenv/versions/2.3.1/lib/ruby/gems/2.3.0/gems/actionpack-5.0.1/lib/action_dispatch/middleware/templates/rescues/_request_and_response.html.erb
  Rendered /Users/DougEisner/.rbenv/versions/2.3.1/lib/ruby/gems/2.3.0/gems/actionpack-5.0.1/lib/action_dispatch/middleware/templates/rescues/_request_and_response.html.erb (7.5ms)
  Rendered /Users/DougEisner/.rbenv/versions/2.3.1/lib/ruby/gems/2.3.0/gems/actionpack-5.0.1/lib/action_dispatch/middleware/templates/rescues/diagnostics.html.erb within rescues/layout (67.7ms)
Started GET "/questions/index" for ::1 at 2017-03-03 10:47:36 -0500
Processing by QuestionsController#index as */*
Completed 200 OK in 13363ms (Views: 85.3ms | ActiveRecord: 0.0ms)


Started GET "/questions/index" for ::1 at 2017-03-03 10:48:33 -0500
Processing by QuestionsController#index as HTML
Completed 200 OK in 5080ms (Views: 92.3ms | ActiveRecord: 0.0ms)


Started GET "/questions/index" for ::1 at 2017-03-03 10:49:49 -0500
  
SyntaxError (/Users/DougEisner/Documents/TIY/week8/trivia_app/app/controllers/questions_controller.rb:42: syntax error, unexpected keyword_end, expecting end-of-input):
  
app/controllers/questions_controller.rb:42: syntax error, unexpected keyword_end, expecting end-of-input
  Rendering /Users/DougEisner/.rbenv/versions/2.3.1/lib/ruby/gems/2.3.0/gems/actionpack-5.0.1/lib/action_dispatch/middleware/templates/rescues/diagnostics.html.erb within rescues/layout
  Rendering /Users/DougEisner/.rbenv/versions/2.3.1/lib/ruby/gems/2.3.0/gems/actionpack-5.0.1/lib/action_dispatch/middleware/templates/rescues/_source.html.erb
  Rendered /Users/DougEisner/.rbenv/versions/2.3.1/lib/ruby/gems/2.3.0/gems/actionpack-5.0.1/lib/action_dispatch/middleware/templates/rescues/_source.html.erb (2.6ms)
  Rendering /Users/DougEisner/.rbenv/versions/2.3.1/lib/ruby/gems/2.3.0/gems/actionpack-5.0.1/lib/action_dispatch/middleware/templates/rescues/_trace.html.erb
  Rendered /Users/DougEisner/.rbenv/versions/2.3.1/lib/ruby/gems/2.3.0/gems/actionpack-5.0.1/lib/action_dispatch/middleware/templates/rescues/_trace.html.erb (1.5ms)
  Rendering /Users/DougEisner/.rbenv/versions/2.3.1/lib/ruby/gems/2.3.0/gems/actionpack-5.0.1/lib/action_dispatch/middleware/templates/rescues/_request_and_response.html.erb
  Rendered /Users/DougEisner/.rbenv/versions/2.3.1/lib/ruby/gems/2.3.0/gems/actionpack-5.0.1/lib/action_dispatch/middleware/templates/rescues/_request_and_response.html.erb (1.1ms)
  Rendered /Users/DougEisner/.rbenv/versions/2.3.1/lib/ruby/gems/2.3.0/gems/actionpack-5.0.1/lib/action_dispatch/middleware/templates/rescues/diagnostics.html.erb within rescues/layout (53.0ms)
Started GET "/questions/index" for ::1 at 2017-03-03 10:50:31 -0500
Processing by QuestionsController#index as HTML
Completed 500 Internal Server Error in 549ms (ActiveRecord: 0.0ms)


  
TypeError (no implicit conversion of HTTParty::Response into String):
  
app/controllers/questions_controller.rb:13:in `index'
  Rendering /Users/DougEisner/.rbenv/versions/2.3.1/lib/ruby/gems/2.3.0/gems/actionpack-5.0.1/lib/action_dispatch/middleware/templates/rescues/diagnostics.html.erb within rescues/layout
  Rendering /Users/DougEisner/.rbenv/versions/2.3.1/lib/ruby/gems/2.3.0/gems/actionpack-5.0.1/lib/action_dispatch/middleware/templates/rescues/_source.html.erb
  Rendered /Users/DougEisner/.rbenv/versions/2.3.1/lib/ruby/gems/2.3.0/gems/actionpack-5.0.1/lib/action_dispatch/middleware/templates/rescues/_source.html.erb (2.4ms)
  Rendering /Users/DougEisner/.rbenv/versions/2.3.1/lib/ruby/gems/2.3.0/gems/actionpack-5.0.1/lib/action_dispatch/middleware/templates/rescues/_trace.html.erb
  Rendered /Users/DougEisner/.rbenv/versions/2.3.1/lib/ruby/gems/2.3.0/gems/actionpack-5.0.1/lib/action_dispatch/middleware/templates/rescues/_trace.html.erb (1.6ms)
  Rendering /Users/DougEisner/.rbenv/versions/2.3.1/lib/ruby/gems/2.3.0/gems/actionpack-5.0.1/lib/action_dispatch/middleware/templates/rescues/_request_and_response.html.erb
  Rendered /Users/DougEisner/.rbenv/versions/2.3.1/lib/ruby/gems/2.3.0/gems/actionpack-5.0.1/lib/action_dispatch/middleware/templates/rescues/_request_and_response.html.erb (0.9ms)
  Rendered /Users/DougEisner/.rbenv/versions/2.3.1/lib/ruby/gems/2.3.0/gems/actionpack-5.0.1/lib/action_dispatch/middleware/templates/rescues/diagnostics.html.erb within rescues/layout (48.2ms)
Started GET "/questions/index" for ::1 at 2017-03-03 10:53:20 -0500
Processing by QuestionsController#index as HTML
Completed 200 OK in 442ms (Views: 99.7ms | ActiveRecord: 0.0ms)


Started GET "/" for 127.0.0.1 at 2017-03-03 14:02:36 -0500
  [1m[36mActiveRecord::SchemaMigration Load (0.4ms)[0m  [1m[34mSELECT "schema_migrations".* FROM "schema_migrations"[0m
Processing by HomeController#index as HTML
  Rendering home/index.html.erb within layouts/application
  Rendered home/index.html.erb within layouts/application (1.4ms)
Completed 200 OK in 890ms (Views: 884.5ms | ActiveRecord: 0.0ms)


